E, [2017-05-27T09:55:09.885607 #4692] ERROR -- Kitchen: ------Exception-------
E, [2017-05-27T09:55:09.885693 #4692] ERROR -- Kitchen: Class: Kitchen::UserError
E, [2017-05-27T09:55:09.885713 #4692] ERROR -- Kitchen: Message: Kitchen YAML file /Users/josephhunt/Conjur/chef-demo/.kitchen.yml does not exist.
E, [2017-05-27T09:55:09.885734 #4692] ERROR -- Kitchen: ----------------------
E, [2017-05-27T09:55:09.885748 #4692] ERROR -- Kitchen: ------Backtrace-------
E, [2017-05-27T09:55:09.885767 #4692] ERROR -- Kitchen: /opt/chefdk/embedded/lib/ruby/gems/2.3.0/gems/test-kitchen-1.16.0/lib/kitchen/loader/yaml.rb:71:in `read'
E, [2017-05-27T09:55:09.885779 #4692] ERROR -- Kitchen: /opt/chefdk/embedded/lib/ruby/gems/2.3.0/gems/test-kitchen-1.16.0/lib/kitchen/config.rb:152:in `data'
E, [2017-05-27T09:55:09.885791 #4692] ERROR -- Kitchen: /opt/chefdk/embedded/lib/ruby/gems/2.3.0/gems/test-kitchen-1.16.0/lib/kitchen/config.rb:131:in `suites'
E, [2017-05-27T09:55:09.885889 #4692] ERROR -- Kitchen: /opt/chefdk/embedded/lib/ruby/gems/2.3.0/gems/test-kitchen-1.16.0/lib/kitchen/config.rb:182:in `filter_instances'
E, [2017-05-27T09:55:09.885920 #4692] ERROR -- Kitchen: /opt/chefdk/embedded/lib/ruby/gems/2.3.0/gems/test-kitchen-1.16.0/lib/kitchen/config.rb:141:in `build_instances'
E, [2017-05-27T09:55:09.885936 #4692] ERROR -- Kitchen: /opt/chefdk/embedded/lib/ruby/gems/2.3.0/gems/test-kitchen-1.16.0/lib/kitchen/config.rb:117:in `instances'
E, [2017-05-27T09:55:09.885948 #4692] ERROR -- Kitchen: /opt/chefdk/embedded/lib/ruby/gems/2.3.0/gems/test-kitchen-1.16.0/lib/kitchen/command.rb:112:in `filtered_instances'
E, [2017-05-27T09:55:09.885960 #4692] ERROR -- Kitchen: /opt/chefdk/embedded/lib/ruby/gems/2.3.0/gems/test-kitchen-1.16.0/lib/kitchen/command.rb:142:in `parse_subcommand'
E, [2017-05-27T09:55:09.885972 #4692] ERROR -- Kitchen: /opt/chefdk/embedded/lib/ruby/gems/2.3.0/gems/test-kitchen-1.16.0/lib/kitchen/command/login.rb:29:in `call'
E, [2017-05-27T09:55:09.885983 #4692] ERROR -- Kitchen: /opt/chefdk/embedded/lib/ruby/gems/2.3.0/gems/test-kitchen-1.16.0/lib/kitchen/cli.rb:53:in `perform'
E, [2017-05-27T09:55:09.885997 #4692] ERROR -- Kitchen: /opt/chefdk/embedded/lib/ruby/gems/2.3.0/gems/test-kitchen-1.16.0/lib/kitchen/cli.rb:241:in `login'
E, [2017-05-27T09:55:09.886017 #4692] ERROR -- Kitchen: /opt/chefdk/embedded/lib/ruby/gems/2.3.0/gems/thor-0.19.1/lib/thor/command.rb:27:in `run'
E, [2017-05-27T09:55:09.886028 #4692] ERROR -- Kitchen: /opt/chefdk/embedded/lib/ruby/gems/2.3.0/gems/thor-0.19.1/lib/thor/invocation.rb:126:in `invoke_command'
E, [2017-05-27T09:55:09.886038 #4692] ERROR -- Kitchen: /opt/chefdk/embedded/lib/ruby/gems/2.3.0/gems/test-kitchen-1.16.0/lib/kitchen/cli.rb:334:in `invoke_task'
E, [2017-05-27T09:55:09.886049 #4692] ERROR -- Kitchen: /opt/chefdk/embedded/lib/ruby/gems/2.3.0/gems/thor-0.19.1/lib/thor.rb:359:in `dispatch'
E, [2017-05-27T09:55:09.886059 #4692] ERROR -- Kitchen: /opt/chefdk/embedded/lib/ruby/gems/2.3.0/gems/thor-0.19.1/lib/thor/base.rb:440:in `start'
E, [2017-05-27T09:55:09.886069 #4692] ERROR -- Kitchen: /opt/chefdk/embedded/lib/ruby/gems/2.3.0/gems/test-kitchen-1.16.0/bin/kitchen:13:in `block in <top (required)>'
E, [2017-05-27T09:55:09.886080 #4692] ERROR -- Kitchen: /opt/chefdk/embedded/lib/ruby/gems/2.3.0/gems/test-kitchen-1.16.0/lib/kitchen/errors.rb:171:in `with_friendly_errors'
E, [2017-05-27T09:55:09.886090 #4692] ERROR -- Kitchen: /opt/chefdk/embedded/lib/ruby/gems/2.3.0/gems/test-kitchen-1.16.0/bin/kitchen:13:in `<top (required)>'
E, [2017-05-27T09:55:09.886100 #4692] ERROR -- Kitchen: /usr/local/bin/kitchen:21:in `load'
E, [2017-05-27T09:55:09.886110 #4692] ERROR -- Kitchen: /usr/local/bin/kitchen:21:in `<main>'
E, [2017-05-27T09:55:09.886120 #4692] ERROR -- Kitchen: ----End Backtrace-----
